<?xml version="1.0" encoding="UTF-8"?>
<testsuite xmlns:xsi="http://www.w3.org/2001/XMLSchema-instance" xsi:noNamespaceSchemaLocation="https://maven.apache.org/surefire/maven-surefire-plugin/xsd/surefire-test-report-3.0.xsd" version="3.0" name="notes.security.SecurityTests" time="1.756" tests="5" errors="0" skipped="0" failures="0">
  <properties>
[...]
</properties>
  <testcase name="userTryesToAccessAdmin" classname="notes.security.SecurityTests" time="0.746">
    <system-out><![CDATA[Hibernate: 
    /* DELETE 
    FROM
        Note n */ delete 
    from
        Note_users
Hibernate: 
    /* DELETE 
    FROM
        Note n */ delete 
    from
        Note
Hibernate: 
    /* dynamic native SQL query */ ALTER SEQUENCE note_id_seq RESTART WITH 1
Hibernate: 
    /* insert for
        notes.ressources.Note */insert 
    into
        Note (category,content,date,lastEditDate,title) 
    values
        (?,?,?,?,?)
Hibernate: 
    /* insert for
        notes.ressources.Note */insert 
    into
        Note (category,content,date,lastEditDate,title) 
    values
        (?,?,?,?,?)
Hibernate: 
    /* insert for
        notes.ressources.Note */insert 
    into
        Note (category,content,date,lastEditDate,title) 
    values
        (?,?,?,?,?)
Hibernate: 
    /* insert for
        notes.ressources.Note */insert 
    into
        Note (category,content,date,lastEditDate,title) 
    values
        (?,?,?,?,?)
Hibernate: 
    /* DELETE 
    FROM
        User */ delete 
    from
        Note_users
Hibernate: 
    /* DELETE 
    FROM
        User */ delete 
    from
        user_roles
Hibernate: 
    /* DELETE 
    FROM
        User */ delete 
    from
        users
Hibernate: 
    /* DELETE 
    FROM
        Role */ delete 
    from
        user_roles
Hibernate: 
    /* DELETE 
    FROM
        Role */ delete 
    from
        role
Hibernate: 
    /* insert for
        notes.ressources.Role */insert 
    into
        role (name) 
    values
        (?)
Hibernate: 
    /* insert for
        notes.ressources.Role */insert 
    into
        role (name) 
    values
        (?)
Hibernate: 
    /* insert for
        notes.ressources.User */insert 
    into
        users (password,email) 
    values
        (?,?)
Hibernate: 
    /* insert for
        notes.ressources.User */insert 
    into
        users (password,email) 
    values
        (?,?)
Hibernate: 
    /* insert for
        notes.ressources.Note.users */insert 
    into
        Note_users (notes_id,users_email) 
    values
        (?,?)
Hibernate: 
    /* insert for
        notes.ressources.Note.users */insert 
    into
        Note_users (notes_id,users_email) 
    values
        (?,?)
Hibernate: 
    /* insert for
        notes.ressources.User.roles */insert 
    into
        user_roles (user_name,role_name) 
    values
        (?,?)
Hibernate: 
    /* insert for
        notes.ressources.User.roles */insert 
    into
        user_roles (user_name,role_name) 
    values
        (?,?)
USER IN LOGIN: UserDTO(email=user, password=user, roles=null)
Hibernate: 
    select
        u1_0.email,
        n1_0.users_email,
        n1_1.id,
        n1_1.category,
        n1_1.content,
        n1_1.date,
        n1_1.lastEditDate,
        n1_1.title,
        u1_0.password,
        r1_0.user_name,
        r1_1.name 
    from
        users u1_0 
    left join
        (Note_users n1_0 
    join
        Note n1_1 
            on n1_1.id=n1_0.notes_id) 
                on u1_0.email=n1_0.users_email 
        left join
            (user_roles r1_0 
        join
            role r1_1 
                on r1_1.name=r1_0.role_name) 
                    on u1_0.email=r1_0.user_name 
            where
                u1_0.email=?
Hibernate: 
    select
        u1_0.notes_id,
        u1_1.email,
        u1_1.password,
        r1_0.user_name,
        r1_1.name 
    from
        Note_users u1_0 
    join
        users u1_1 
            on u1_1.email=u1_0.users_email 
    left join
        (user_roles r1_0 
    join
        role r1_1 
            on r1_1.name=r1_0.role_name) 
                on u1_1.email=r1_0.user_name 
        where
            u1_0.notes_id=?
Hibernate: 
    select
        u1_0.role_name,
        u1_1.email,
        n1_0.users_email,
        n1_1.id,
        n1_1.category,
        n1_1.content,
        n1_1.date,
        n1_1.lastEditDate,
        n1_1.title,
        u1_1.password 
    from
        user_roles u1_0 
    join
        users u1_1 
            on u1_1.email=u1_0.user_name 
    left join
        (Note_users n1_0 
    join
        Note n1_1 
            on n1_1.id=n1_0.notes_id) 
                on u1_1.email=n1_0.users_email 
        where
            u1_0.role_name=?
Hibernate: 
    select
        u1_0.notes_id,
        u1_1.email,
        u1_1.password,
        r1_0.user_name,
        r1_1.name 
    from
        Note_users u1_0 
    join
        users u1_1 
            on u1_1.email=u1_0.users_email 
    left join
        (user_roles r1_0 
    join
        role r1_1 
            on r1_1.name=r1_0.role_name) 
                on u1_1.email=r1_0.user_name 
        where
            u1_0.notes_id=?
HTTP/1.1 200 OK
Date: Fri, 31 May 2024 14:20:43 GMT
Content-Type: application/json
Content-Length: 211

{"token":"eyJhbGciOiJIUzI1NiJ9.eyJpc3MiOiJEYXZpZCBBamtlbiBIYW5zZW4iLCJzdWIiOiJ1c2VyIiwiZXhwIjoxNzE3MTY3MDQzLCJlbWFpbCI6InVzZXIiLCJyb2xlcyI6Iix1c2VyIn0.doO_KFHTj6KdKbZ9orDSPBoiFrgJsu0o_Spd78GdyVQ","email":"user"}
USER IN AUTHENTICATE: UserDTO(email=user, password=null, roles=[, user])
USER IN CHECK_SEC_ROLES: UserDTO(email=user, password=null, roles=[, user])
Date: Fri, 31 May 2024 14:20:43 GMT
Content-Type: application/json
Content-Length: 51
{
    "errrorMessage": "Unauthorized with roles: [USER]"
}
]]></system-out>
    <system-err><![CDATA[[main] INFO io.javalin.Javalin - Starting Javalin ...
[main] INFO org.eclipse.jetty.server.Server - jetty-11.0.15; built: 2023-04-11T18:37:53.775Z; git: 5bc5e562c8d05c5862505aebe5cf83a61bdbcb96; jvm 19.0.2+7-44
[main] INFO org.eclipse.jetty.server.session.DefaultSessionIdManager - Session workerName=node0
[main] INFO org.eclipse.jetty.server.handler.ContextHandler - Started i.j.j.@3a1540be{/api,null,AVAILABLE}
[main] INFO org.eclipse.jetty.server.AbstractConnector - Started ServerConnector@98a0842{HTTP/1.1, (http/1.1)}{0.0.0.0:7070}
[main] INFO org.eclipse.jetty.server.Server - Started Server@525c0f74{STARTING}[11.0.15,sto=0] @12027ms
[main] INFO io.javalin.Javalin - 
       __                  ___          ______
      / /___ __   ______ _/ (_)___     / ____/
 __  / / __ `/ | / / __ `/ / / __ \   /___ \
/ /_/ / /_/ /| |/ / /_/ / / / / / /  ____/ /
\____/\__,_/ |___/\__,_/_/_/_/ /_/  /_____/

       https://javalin.io/documentation

[main] INFO io.javalin.Javalin - Listening on http://localhost:7070/api
[main] INFO io.javalin.Javalin - You are running Javalin 5.5.0 (released May 1, 2023. Your Javalin version is 395 days old. Consider checking for a newer version.).
[main] INFO io.javalin.Javalin - Javalin started in 23ms \o/
]]></system-err>
  </testcase>
  <testcase name="login" classname="notes.security.SecurityTests" time="0.24">
    <system-out><![CDATA[Hibernate: 
    /* DELETE 
    FROM
        Note n */ delete 
    from
        Note_users
Hibernate: 
    /* DELETE 
    FROM
        Note n */ delete 
    from
        Note
Hibernate: 
    /* dynamic native SQL query */ ALTER SEQUENCE note_id_seq RESTART WITH 1
Hibernate: 
    /* insert for
        notes.ressources.Note */insert 
    into
        Note (category,content,date,lastEditDate,title) 
    values
        (?,?,?,?,?)
Hibernate: 
    /* insert for
        notes.ressources.Note */insert 
    into
        Note (category,content,date,lastEditDate,title) 
    values
        (?,?,?,?,?)
Hibernate: 
    /* insert for
        notes.ressources.Note */insert 
    into
        Note (category,content,date,lastEditDate,title) 
    values
        (?,?,?,?,?)
Hibernate: 
    /* insert for
        notes.ressources.Note */insert 
    into
        Note (category,content,date,lastEditDate,title) 
    values
        (?,?,?,?,?)
Hibernate: 
    /* DELETE 
    FROM
        User */ delete 
    from
        Note_users
Hibernate: 
    /* DELETE 
    FROM
        User */ delete 
    from
        user_roles
Hibernate: 
    /* DELETE 
    FROM
        User */ delete 
    from
        users
Hibernate: 
    /* DELETE 
    FROM
        Role */ delete 
    from
        user_roles
Hibernate: 
    /* DELETE 
    FROM
        Role */ delete 
    from
        role
Hibernate: 
    /* insert for
        notes.ressources.Role */insert 
    into
        role (name) 
    values
        (?)
Hibernate: 
    /* insert for
        notes.ressources.Role */insert 
    into
        role (name) 
    values
        (?)
Hibernate: 
    /* insert for
        notes.ressources.User */insert 
    into
        users (password,email) 
    values
        (?,?)
Hibernate: 
    /* insert for
        notes.ressources.User */insert 
    into
        users (password,email) 
    values
        (?,?)
Hibernate: 
    /* insert for
        notes.ressources.Note.users */insert 
    into
        Note_users (notes_id,users_email) 
    values
        (?,?)
Hibernate: 
    /* insert for
        notes.ressources.Note.users */insert 
    into
        Note_users (notes_id,users_email) 
    values
        (?,?)
Hibernate: 
    /* insert for
        notes.ressources.User.roles */insert 
    into
        user_roles (user_name,role_name) 
    values
        (?,?)
Hibernate: 
    /* insert for
        notes.ressources.User.roles */insert 
    into
        user_roles (user_name,role_name) 
    values
        (?,?)
USER IN LOGIN: UserDTO(email=user, password=user, roles=null)
Hibernate: 
    select
        u1_0.email,
        n1_0.users_email,
        n1_1.id,
        n1_1.category,
        n1_1.content,
        n1_1.date,
        n1_1.lastEditDate,
        n1_1.title,
        u1_0.password,
        r1_0.user_name,
        r1_1.name 
    from
        users u1_0 
    left join
        (Note_users n1_0 
    join
        Note n1_1 
            on n1_1.id=n1_0.notes_id) 
                on u1_0.email=n1_0.users_email 
        left join
            (user_roles r1_0 
        join
            role r1_1 
                on r1_1.name=r1_0.role_name) 
                    on u1_0.email=r1_0.user_name 
            where
                u1_0.email=?
Hibernate: 
    select
        u1_0.notes_id,
        u1_1.email,
        u1_1.password,
        r1_0.user_name,
        r1_1.name 
    from
        Note_users u1_0 
    join
        users u1_1 
            on u1_1.email=u1_0.users_email 
    left join
        (user_roles r1_0 
    join
        role r1_1 
            on r1_1.name=r1_0.role_name) 
                on u1_1.email=r1_0.user_name 
        where
            u1_0.notes_id=?
Hibernate: 
    select
        u1_0.role_name,
        u1_1.email,
        n1_0.users_email,
        n1_1.id,
        n1_1.category,
        n1_1.content,
        n1_1.date,
        n1_1.lastEditDate,
        n1_1.title,
        u1_1.password 
    from
        user_roles u1_0 
    join
        users u1_1 
            on u1_1.email=u1_0.user_name 
    left join
        (Note_users n1_0 
    join
        Note n1_1 
            on n1_1.id=n1_0.notes_id) 
                on u1_1.email=n1_0.users_email 
        where
            u1_0.role_name=?
Hibernate: 
    select
        u1_0.notes_id,
        u1_1.email,
        u1_1.password,
        r1_0.user_name,
        r1_1.name 
    from
        Note_users u1_0 
    join
        users u1_1 
            on u1_1.email=u1_0.users_email 
    left join
        (user_roles r1_0 
    join
        role r1_1 
            on r1_1.name=r1_0.role_name) 
                on u1_1.email=r1_0.user_name 
        where
            u1_0.notes_id=?
{
    "token": "eyJhbGciOiJIUzI1NiJ9.eyJpc3MiOiJEYXZpZCBBamtlbiBIYW5zZW4iLCJzdWIiOiJ1c2VyIiwiZXhwIjoxNzE3MTY3MDQ0LCJlbWFpbCI6InVzZXIiLCJyb2xlcyI6Iix1c2VyIn0.dC515EW2BD-HUtJMEysYEK1nhPlNJ0WTx9Li7y4HBZM",
    "email": "user"
}
]]></system-out>
  </testcase>
  <testcase name="protectedAdmin" classname="notes.security.SecurityTests" time="0.248">
    <system-out><![CDATA[Hibernate: 
    /* DELETE 
    FROM
        Note n */ delete 
    from
        Note_users
Hibernate: 
    /* DELETE 
    FROM
        Note n */ delete 
    from
        Note
Hibernate: 
    /* dynamic native SQL query */ ALTER SEQUENCE note_id_seq RESTART WITH 1
Hibernate: 
    /* insert for
        notes.ressources.Note */insert 
    into
        Note (category,content,date,lastEditDate,title) 
    values
        (?,?,?,?,?)
Hibernate: 
    /* insert for
        notes.ressources.Note */insert 
    into
        Note (category,content,date,lastEditDate,title) 
    values
        (?,?,?,?,?)
Hibernate: 
    /* insert for
        notes.ressources.Note */insert 
    into
        Note (category,content,date,lastEditDate,title) 
    values
        (?,?,?,?,?)
Hibernate: 
    /* insert for
        notes.ressources.Note */insert 
    into
        Note (category,content,date,lastEditDate,title) 
    values
        (?,?,?,?,?)
Hibernate: 
    /* DELETE 
    FROM
        User */ delete 
    from
        Note_users
Hibernate: 
    /* DELETE 
    FROM
        User */ delete 
    from
        user_roles
Hibernate: 
    /* DELETE 
    FROM
        User */ delete 
    from
        users
Hibernate: 
    /* DELETE 
    FROM
        Role */ delete 
    from
        user_roles
Hibernate: 
    /* DELETE 
    FROM
        Role */ delete 
    from
        role
Hibernate: 
    /* insert for
        notes.ressources.Role */insert 
    into
        role (name) 
    values
        (?)
Hibernate: 
    /* insert for
        notes.ressources.Role */insert 
    into
        role (name) 
    values
        (?)
Hibernate: 
    /* insert for
        notes.ressources.User */insert 
    into
        users (password,email) 
    values
        (?,?)
Hibernate: 
    /* insert for
        notes.ressources.User */insert 
    into
        users (password,email) 
    values
        (?,?)
Hibernate: 
    /* insert for
        notes.ressources.Note.users */insert 
    into
        Note_users (notes_id,users_email) 
    values
        (?,?)
Hibernate: 
    /* insert for
        notes.ressources.Note.users */insert 
    into
        Note_users (notes_id,users_email) 
    values
        (?,?)
Hibernate: 
    /* insert for
        notes.ressources.User.roles */insert 
    into
        user_roles (user_name,role_name) 
    values
        (?,?)
Hibernate: 
    /* insert for
        notes.ressources.User.roles */insert 
    into
        user_roles (user_name,role_name) 
    values
        (?,?)
USER IN LOGIN: UserDTO(email=admin, password=admin, roles=null)
Hibernate: 
    select
        u1_0.email,
        n1_0.users_email,
        n1_1.id,
        n1_1.category,
        n1_1.content,
        n1_1.date,
        n1_1.lastEditDate,
        n1_1.title,
        u1_0.password,
        r1_0.user_name,
        r1_1.name 
    from
        users u1_0 
    left join
        (Note_users n1_0 
    join
        Note n1_1 
            on n1_1.id=n1_0.notes_id) 
                on u1_0.email=n1_0.users_email 
        left join
            (user_roles r1_0 
        join
            role r1_1 
                on r1_1.name=r1_0.role_name) 
                    on u1_0.email=r1_0.user_name 
            where
                u1_0.email=?
Hibernate: 
    select
        u1_0.role_name,
        u1_1.email,
        n1_0.users_email,
        n1_1.id,
        n1_1.category,
        n1_1.content,
        n1_1.date,
        n1_1.lastEditDate,
        n1_1.title,
        u1_1.password 
    from
        user_roles u1_0 
    join
        users u1_1 
            on u1_1.email=u1_0.user_name 
    left join
        (Note_users n1_0 
    join
        Note n1_1 
            on n1_1.id=n1_0.notes_id) 
                on u1_1.email=n1_0.users_email 
        where
            u1_0.role_name=?
USER IN AUTHENTICATE: UserDTO(email=admin, password=null, roles=[, admin])
USER IN CHECK_SEC_ROLES: UserDTO(email=admin, password=null, roles=[, admin])
{
    "msg": "Hello from ADMIN Protected"
}
]]></system-out>
  </testcase>
  <testcase name="createUser" classname="notes.security.SecurityTests" time="0.233">
    <system-out><![CDATA[Hibernate: 
    /* DELETE 
    FROM
        Note n */ delete 
    from
        Note_users
Hibernate: 
    /* DELETE 
    FROM
        Note n */ delete 
    from
        Note
Hibernate: 
    /* dynamic native SQL query */ ALTER SEQUENCE note_id_seq RESTART WITH 1
Hibernate: 
    /* insert for
        notes.ressources.Note */insert 
    into
        Note (category,content,date,lastEditDate,title) 
    values
        (?,?,?,?,?)
Hibernate: 
    /* insert for
        notes.ressources.Note */insert 
    into
        Note (category,content,date,lastEditDate,title) 
    values
        (?,?,?,?,?)
Hibernate: 
    /* insert for
        notes.ressources.Note */insert 
    into
        Note (category,content,date,lastEditDate,title) 
    values
        (?,?,?,?,?)
Hibernate: 
    /* insert for
        notes.ressources.Note */insert 
    into
        Note (category,content,date,lastEditDate,title) 
    values
        (?,?,?,?,?)
Hibernate: 
    /* DELETE 
    FROM
        User */ delete 
    from
        Note_users
Hibernate: 
    /* DELETE 
    FROM
        User */ delete 
    from
        user_roles
Hibernate: 
    /* DELETE 
    FROM
        User */ delete 
    from
        users
Hibernate: 
    /* DELETE 
    FROM
        Role */ delete 
    from
        user_roles
Hibernate: 
    /* DELETE 
    FROM
        Role */ delete 
    from
        role
Hibernate: 
    /* insert for
        notes.ressources.Role */insert 
    into
        role (name) 
    values
        (?)
Hibernate: 
    /* insert for
        notes.ressources.Role */insert 
    into
        role (name) 
    values
        (?)
Hibernate: 
    /* insert for
        notes.ressources.User */insert 
    into
        users (password,email) 
    values
        (?,?)
Hibernate: 
    /* insert for
        notes.ressources.User */insert 
    into
        users (password,email) 
    values
        (?,?)
Hibernate: 
    /* insert for
        notes.ressources.Note.users */insert 
    into
        Note_users (notes_id,users_email) 
    values
        (?,?)
Hibernate: 
    /* insert for
        notes.ressources.Note.users */insert 
    into
        Note_users (notes_id,users_email) 
    values
        (?,?)
Hibernate: 
    /* insert for
        notes.ressources.User.roles */insert 
    into
        user_roles (user_name,role_name) 
    values
        (?,?)
Hibernate: 
    /* insert for
        notes.ressources.User.roles */insert 
    into
        user_roles (user_name,role_name) 
    values
        (?,?)
Hibernate: 
    select
        r1_0.name,
        u1_0.role_name,
        u1_1.email,
        n1_0.users_email,
        n1_1.id,
        n1_1.category,
        n1_1.content,
        n1_1.date,
        n1_1.lastEditDate,
        n1_1.title,
        u1_1.password 
    from
        role r1_0 
    left join
        (user_roles u1_0 
    join
        users u1_1 
            on u1_1.email=u1_0.user_name) 
                on r1_0.name=u1_0.role_name 
        left join
            (Note_users n1_0 
        join
            Note n1_1 
                on n1_1.id=n1_0.notes_id) 
                    on u1_1.email=n1_0.users_email 
            where
                r1_0.name=?
Hibernate: 
    select
        u1_0.notes_id,
        u1_1.email,
        u1_1.password,
        r1_0.user_name,
        r1_1.name 
    from
        Note_users u1_0 
    join
        users u1_1 
            on u1_1.email=u1_0.users_email 
    left join
        (user_roles r1_0 
    join
        role r1_1 
            on r1_1.name=r1_0.role_name) 
                on u1_1.email=r1_0.user_name 
        where
            u1_0.notes_id=?
Hibernate: 
    select
        u1_0.notes_id,
        u1_1.email,
        u1_1.password,
        r1_0.user_name,
        r1_1.name 
    from
        Note_users u1_0 
    join
        users u1_1 
            on u1_1.email=u1_0.users_email 
    left join
        (user_roles r1_0 
    join
        role r1_1 
            on r1_1.name=r1_0.role_name) 
                on u1_1.email=r1_0.user_name 
        where
            u1_0.notes_id=?
Hibernate: 
    /* insert for
        notes.ressources.User */insert 
    into
        users (password,email) 
    values
        (?,?)
Hibernate: 
    /* insert for
        notes.ressources.User.roles */insert 
    into
        user_roles (user_name,role_name) 
    values
        (?,?)
HTTP/1.1 201 Created
Date: Fri, 31 May 2024 14:20:45 GMT
Content-Type: application/json
Content-Length: 215

{"token":"eyJhbGciOiJIUzI1NiJ9.eyJpc3MiOiJEYXZpZCBBamtlbiBIYW5zZW4iLCJzdWIiOiJ0ZXN0MSIsImV4cCI6MTcxNzE2NzA0NSwiZW1haWwiOiJ0ZXN0MSIsInJvbGVzIjoiLHVzZXIifQ.QSgkagNmNJbPCGzau6y4u72HLwa-W7DhLbbNn6MOniQ","email":"test1"}
]]></system-out>
  </testcase>
  <testcase name="protectedUser" classname="notes.security.SecurityTests" time="0.256">
    <system-out><![CDATA[Hibernate: 
    /* DELETE 
    FROM
        Note n */ delete 
    from
        Note_users
Hibernate: 
    /* DELETE 
    FROM
        Note n */ delete 
    from
        Note
Hibernate: 
    /* dynamic native SQL query */ ALTER SEQUENCE note_id_seq RESTART WITH 1
Hibernate: 
    /* insert for
        notes.ressources.Note */insert 
    into
        Note (category,content,date,lastEditDate,title) 
    values
        (?,?,?,?,?)
Hibernate: 
    /* insert for
        notes.ressources.Note */insert 
    into
        Note (category,content,date,lastEditDate,title) 
    values
        (?,?,?,?,?)
Hibernate: 
    /* insert for
        notes.ressources.Note */insert 
    into
        Note (category,content,date,lastEditDate,title) 
    values
        (?,?,?,?,?)
Hibernate: 
    /* insert for
        notes.ressources.Note */insert 
    into
        Note (category,content,date,lastEditDate,title) 
    values
        (?,?,?,?,?)
Hibernate: 
    /* DELETE 
    FROM
        User */ delete 
    from
        Note_users
Hibernate: 
    /* DELETE 
    FROM
        User */ delete 
    from
        user_roles
Hibernate: 
    /* DELETE 
    FROM
        User */ delete 
    from
        users
Hibernate: 
    /* DELETE 
    FROM
        Role */ delete 
    from
        user_roles
Hibernate: 
    /* DELETE 
    FROM
        Role */ delete 
    from
        role
Hibernate: 
    /* insert for
        notes.ressources.Role */insert 
    into
        role (name) 
    values
        (?)
Hibernate: 
    /* insert for
        notes.ressources.Role */insert 
    into
        role (name) 
    values
        (?)
Hibernate: 
    /* insert for
        notes.ressources.User */insert 
    into
        users (password,email) 
    values
        (?,?)
Hibernate: 
    /* insert for
        notes.ressources.User */insert 
    into
        users (password,email) 
    values
        (?,?)
Hibernate: 
    /* insert for
        notes.ressources.Note.users */insert 
    into
        Note_users (notes_id,users_email) 
    values
        (?,?)
Hibernate: 
    /* insert for
        notes.ressources.Note.users */insert 
    into
        Note_users (notes_id,users_email) 
    values
        (?,?)
Hibernate: 
    /* insert for
        notes.ressources.User.roles */insert 
    into
        user_roles (user_name,role_name) 
    values
        (?,?)
Hibernate: 
    /* insert for
        notes.ressources.User.roles */insert 
    into
        user_roles (user_name,role_name) 
    values
        (?,?)
USER IN LOGIN: UserDTO(email=user, password=user, roles=null)
Hibernate: 
    select
        u1_0.email,
        n1_0.users_email,
        n1_1.id,
        n1_1.category,
        n1_1.content,
        n1_1.date,
        n1_1.lastEditDate,
        n1_1.title,
        u1_0.password,
        r1_0.user_name,
        r1_1.name 
    from
        users u1_0 
    left join
        (Note_users n1_0 
    join
        Note n1_1 
            on n1_1.id=n1_0.notes_id) 
                on u1_0.email=n1_0.users_email 
        left join
            (user_roles r1_0 
        join
            role r1_1 
                on r1_1.name=r1_0.role_name) 
                    on u1_0.email=r1_0.user_name 
            where
                u1_0.email=?
Hibernate: 
    select
        u1_0.notes_id,
        u1_1.email,
        u1_1.password,
        r1_0.user_name,
        r1_1.name 
    from
        Note_users u1_0 
    join
        users u1_1 
            on u1_1.email=u1_0.users_email 
    left join
        (user_roles r1_0 
    join
        role r1_1 
            on r1_1.name=r1_0.role_name) 
                on u1_1.email=r1_0.user_name 
        where
            u1_0.notes_id=?
Hibernate: 
    select
        u1_0.role_name,
        u1_1.email,
        n1_0.users_email,
        n1_1.id,
        n1_1.category,
        n1_1.content,
        n1_1.date,
        n1_1.lastEditDate,
        n1_1.title,
        u1_1.password 
    from
        user_roles u1_0 
    join
        users u1_1 
            on u1_1.email=u1_0.user_name 
    left join
        (Note_users n1_0 
    join
        Note n1_1 
            on n1_1.id=n1_0.notes_id) 
                on u1_1.email=n1_0.users_email 
        where
            u1_0.role_name=?
Hibernate: 
    select
        u1_0.notes_id,
        u1_1.email,
        u1_1.password,
        r1_0.user_name,
        r1_1.name 
    from
        Note_users u1_0 
    join
        users u1_1 
            on u1_1.email=u1_0.users_email 
    left join
        (user_roles r1_0 
    join
        role r1_1 
            on r1_1.name=r1_0.role_name) 
                on u1_1.email=r1_0.user_name 
        where
            u1_0.notes_id=?
USER IN AUTHENTICATE: UserDTO(email=user, password=null, roles=[, user])
USER IN CHECK_SEC_ROLES: UserDTO(email=user, password=null, roles=[, user])
{
    "msg": "Hello from USER Protected"
}
]]></system-out>
  </testcase>
</testsuite>